<?xml version="1.0" encoding="UTF-8"?>
<!-- Generated by org.testng.reporters.JUnitReportReporter -->
<testsuite skipped="0" hostname="pskindero-ThinkPad-Edge-E545" name="com.pskindero.javaee.javaeetech.endpoints.ManagersRestTest" tests="3" failures="0" timestamp="22 May 2017 18:34:49 GMT" time="0.215" errors="0">
  <testcase name="restGET_AllManagers_ResultOk" time="0.077" classname="com.pskindero.javaee.javaeetech.endpoints.ManagersRestTest"/>
  <testcase name="restGET_AllManagers_Parse" time="0.099" classname="com.pskindero.javaee.javaeetech.endpoints.ManagersRestTest"/>
  <testcase name="restGET_FirstManager_ResultOk" time="0.039" classname="com.pskindero.javaee.javaeetech.endpoints.ManagersRestTest"/>
</testsuite> <!-- com.pskindero.javaee.javaeetech.endpoints.ManagersRestTest -->
