<?xml version="1.0" encoding="UTF-8"?>
<!-- Generated by org.testng.reporters.JUnitReportReporter -->
<testsuite skipped="0" hostname="pskindero-ThinkPad-Edge-E545" name="com.pskindero.javaee.javaeetech.endpoints.DepartmentsRestTest" tests="3" failures="0" timestamp="22 May 2017 19:19:11 GMT" time="2.470" errors="0">
  <testcase name="restGET_DupaDepartment_ResultOk" time="0.056" classname="com.pskindero.javaee.javaeetech.endpoints.DepartmentsRestTest"/>
  <testcase name="restGET_AllDepartments_ResultOk" time="0.064" classname="com.pskindero.javaee.javaeetech.endpoints.DepartmentsRestTest"/>
  <testcase name="restGET_AllDepartments_Parse" time="2.350" classname="com.pskindero.javaee.javaeetech.endpoints.DepartmentsRestTest"/>
</testsuite> <!-- com.pskindero.javaee.javaeetech.endpoints.DepartmentsRestTest -->
