<?xml version="1.0" encoding="UTF-8"?>
<!-- Generated by org.testng.reporters.JUnitReportReporter -->
<testsuite skipped="0" hostname="pskindero-ThinkPad-Edge-E545" name="com.pskindero.javaee.javaeetech.endpoints.DepartmentsRestTest" tests="3" failures="0" timestamp="22 May 2017 18:34:49 GMT" time="2.289" errors="0">
  <testcase name="restGET_DupaDepartment_ResultOk" time="0.067" classname="com.pskindero.javaee.javaeetech.endpoints.DepartmentsRestTest"/>
  <testcase name="restGET_AllDepartments_ResultOk" time="0.062" classname="com.pskindero.javaee.javaeetech.endpoints.DepartmentsRestTest"/>
  <testcase name="restGET_AllDepartments_Parse" time="2.160" classname="com.pskindero.javaee.javaeetech.endpoints.DepartmentsRestTest"/>
</testsuite> <!-- com.pskindero.javaee.javaeetech.endpoints.DepartmentsRestTest -->
