<?xml version="1.0" encoding="UTF-8"?>
<!-- Generated by org.testng.reporters.JUnitReportReporter -->
<testsuite skipped="0" hostname="pskindero-ThinkPad-Edge-E545" name="EmployeesRestTest" tests="2" failures="0" timestamp="19 May 2017 16:11:12 GMT" time="2.200" errors="0">
  <testcase name="restGET_AllEmployees_Parse" time="2.119" classname="EmployeesRestTest"/>
  <testcase name="restGET_AllEmployees_ResultOk" time="0.081" classname="EmployeesRestTest"/>
</testsuite> <!-- EmployeesRestTest -->
